<?xml version="1.0" encoding="UTF-8"?>
<testsuite name="com.example.porocilolovec.ExampleUnitTest" tests="1" skipped="0" failures="0" errors="0" timestamp="2025-02-23T09:08:22" hostname="LEON" time="0.007">
  <properties/>
  <testcase name="addition_isCorrect" classname="com.example.porocilolovec.ExampleUnitTest" time="0.007"/>
  <system-out><![CDATA[]]></system-out>
  <system-err><![CDATA[]]></system-err>
</testsuite>
